2025-03-08 12:31:05,692 - INFO - Creating project root: Teste/Testeteste
2025-03-08 12:31:05,692 - ERROR - Error: [Errno 2] No such file or directory: 'Teste/Testeteste'
2025-03-08 12:31:45,761 - INFO - Creating project root: ~/Desktop/Teste
2025-03-08 12:31:45,764 - ERROR - Error: [Errno 2] No such file or directory: '~/Desktop/Teste'
2025-03-08 12:32:16,277 - INFO - Creating project root: ~/Desktop/Teste
2025-03-08 12:32:16,279 - ERROR - Error: [Errno 2] No such file or directory: '~/Desktop/Teste'
2025-03-08 12:35:31,229 - INFO - Creating project root: Teste
2025-03-08 12:35:31,923 - INFO - Created: Teste/[Teste] PDF_Expedição
2025-03-08 12:35:32,428 - INFO - Created: Teste/[Teste] Materiais PD
2025-03-08 12:35:32,934 - INFO - Created: Teste/[Teste] Sala de Roteiro
2025-03-08 12:35:33,439 - INFO - Created: Teste/[Teste] Sala de Roteiro/[Teste] PESQUISA
2025-03-08 12:35:33,945 - INFO - Created: Teste/[Teste] Sala de Roteiro/[Teste] ROTEIROS
2025-03-08 12:35:34,449 - INFO - Created: Teste/[Teste] Sala de Roteiro/[Teste] ATAS
2025-03-08 12:35:34,954 - INFO - Created: Teste/[Teste] Sala de Roteiro/[Teste] TEXTOS PD
2025-03-08 12:35:35,460 - INFO - Created: Teste/[Teste] Sala de Roteiro/[Teste] ARCOS
2025-03-08 12:35:35,962 - ERROR - Error: [Errno 2] No such file or directory: 'Teste'
2025-03-08 12:36:11,773 - INFO - Creating project root: Teste2
2025-03-08 12:36:11,809 - INFO - Created: Teste2/[T2] PDF_Expedição
2025-03-08 12:36:12,315 - INFO - Created: Teste2/[T2] Materiais PD
2025-03-08 12:36:12,817 - INFO - Created: Teste2/[T2] Sala de Roteiro
2025-03-08 12:36:13,323 - INFO - Created: Teste2/[T2] Sala de Roteiro/[T2] PESQUISA
2025-03-08 12:36:13,828 - INFO - Created: Teste2/[T2] Sala de Roteiro/[T2] ROTEIROS
2025-03-08 12:36:14,334 - INFO - Created: Teste2/[T2] Sala de Roteiro/[T2] ATAS
2025-03-08 12:36:14,839 - INFO - Created: Teste2/[T2] Sala de Roteiro/[T2] TEXTOS PD
2025-03-08 12:36:15,345 - INFO - Created: Teste2/[T2] Sala de Roteiro/[T2] ARCOS
2025-03-08 12:36:15,855 - ERROR - Error: [Errno 2] No such file or directory: 'Teste2'
2025-03-08 12:37:47,374 - INFO - Creating project root: ~/Desktop/Teste3
2025-03-08 12:37:47,375 - ERROR - Error: [Errno 2] No such file or directory: '~/Desktop/Teste3'
2025-03-08 13:15:33,089 - INFO - Creating project root: /Users/vmbr/Desktop/Teste
2025-03-08 13:15:33,257 - INFO - Created: /Users/vmbr/Desktop/Teste/[T3] PDF_Expedição
2025-03-08 13:15:33,759 - INFO - Created: /Users/vmbr/Desktop/Teste/[T3] Materiais PD
2025-03-08 13:15:34,262 - INFO - Created: /Users/vmbr/Desktop/Teste/[T3] Sala de Roteiro
2025-03-08 13:15:34,767 - INFO - Created: /Users/vmbr/Desktop/Teste/[T3] Sala de Roteiro/[T3] PESQUISA
2025-03-08 13:15:35,272 - INFO - Created: /Users/vmbr/Desktop/Teste/[T3] Sala de Roteiro/[T3] ROTEIROS
2025-03-08 13:15:35,777 - INFO - Created: /Users/vmbr/Desktop/Teste/[T3] Sala de Roteiro/[T3] ATAS
2025-03-08 13:15:36,280 - INFO - Created: /Users/vmbr/Desktop/Teste/[T3] Sala de Roteiro/[T3] TEXTOS PD
2025-03-08 13:15:36,785 - INFO - Created: /Users/vmbr/Desktop/Teste/[T3] Sala de Roteiro/[T3] ARCOS
2025-03-08 13:15:37,299 - INFO - Opened Finder at: /Users/vmbr/Desktop/Teste
2025-03-08 13:56:20,672 - INFO - Creating project root: /Users/vmbr/Desktop/Teste4
2025-03-08 13:56:20,710 - INFO - Created: /Users/vmbr/Desktop/Teste4/[T4] PDF_Expedição
2025-03-08 13:56:21,213 - INFO - Created: /Users/vmbr/Desktop/Teste4/[T4] Materiais PD
2025-03-08 13:56:21,715 - INFO - Created: /Users/vmbr/Desktop/Teste4/[T4] Sala de Roteiro
2025-03-08 13:56:22,222 - INFO - Created: /Users/vmbr/Desktop/Teste4/[T4] Sala de Roteiro/[T4] PESQUISA
2025-03-08 13:56:22,724 - INFO - Created: /Users/vmbr/Desktop/Teste4/[T4] Sala de Roteiro/[T4] ROTEIROS
2025-03-08 13:56:23,229 - INFO - Created: /Users/vmbr/Desktop/Teste4/[T4] Sala de Roteiro/[T4] ATAS
2025-03-08 13:56:23,735 - INFO - Created: /Users/vmbr/Desktop/Teste4/[T4] Sala de Roteiro/[T4] TEXTOS PD
2025-03-08 13:56:24,236 - INFO - Created: /Users/vmbr/Desktop/Teste4/[T4] Sala de Roteiro/[T4] ARCOS
2025-03-08 13:56:24,746 - INFO - Opened Finder at: /Users/vmbr/Desktop/Teste4
2025-03-08 14:15:42,383 - INFO - Creating project root: /Users/vmbr/Desktop/Teste_Gui1
2025-03-08 14:15:42,522 - ERROR - Error: 'ScrolledText' object has no attribute 'write'
2025-03-08 14:18:35,902 - INFO - Creating project root: /Users/vmbr/Desktop/Test Gui 2
2025-03-08 14:18:35,969 - ERROR - Error: 'ScrolledText' object has no attribute 'write'
2025-03-08 14:20:11,490 - INFO - Creating project root: /Users/vmbr/Desktop/Test
2025-03-08 14:20:11,516 - ERROR - Error: 'ScrolledText' object has no attribute 'write'
2025-03-08 14:22:37,486 - INFO - Creating project root: /Users/vmbr/Desktop/Teste
2025-03-08 14:22:37,493 - INFO - Created: /Users/vmbr/Desktop/Teste/[Tg4] PDF_Expedição
2025-03-08 14:22:37,695 - INFO - Created: /Users/vmbr/Desktop/Teste/[Tg4] Materiais PD
2025-03-08 14:22:37,897 - INFO - Created: /Users/vmbr/Desktop/Teste/[Tg4] Sala de Roteiro
2025-03-08 14:22:38,100 - INFO - Created: /Users/vmbr/Desktop/Teste/[Tg4] Sala de Roteiro/[Tg4] PESQUISA
2025-03-08 14:22:38,302 - INFO - Created: /Users/vmbr/Desktop/Teste/[Tg4] Sala de Roteiro/[Tg4] ROTEIROS
2025-03-08 14:22:38,504 - INFO - Created: /Users/vmbr/Desktop/Teste/[Tg4] Sala de Roteiro/[Tg4] ATAS
2025-03-08 14:22:38,705 - INFO - Created: /Users/vmbr/Desktop/Teste/[Tg4] Sala de Roteiro/[Tg4] TEXTOS PD
2025-03-08 14:22:38,908 - INFO - Created: /Users/vmbr/Desktop/Teste/[Tg4] Sala de Roteiro/[Tg4] ARCOS
2025-03-08 14:22:39,124 - INFO - Opened Finder at: /Users/vmbr/Desktop/Teste
2025-03-08 14:25:47,902 - INFO - Creating project root: /Users/vmbr/Desktop/Teste Gui 5
2025-03-08 14:25:47,908 - INFO - Created: /Users/vmbr/Desktop/Teste Gui 5/[Tg5] PDF_Expedição
2025-03-08 14:25:48,110 - INFO - Created: /Users/vmbr/Desktop/Teste Gui 5/[Tg5] Materiais PD
2025-03-08 14:25:48,312 - INFO - Created: /Users/vmbr/Desktop/Teste Gui 5/[Tg5] Sala de Roteiro
2025-03-08 14:25:48,516 - INFO - Created: /Users/vmbr/Desktop/Teste Gui 5/[Tg5] Sala de Roteiro/[Tg5] PESQUISA
2025-03-08 14:25:48,718 - INFO - Created: /Users/vmbr/Desktop/Teste Gui 5/[Tg5] Sala de Roteiro/[Tg5] ROTEIROS
2025-03-08 14:25:48,919 - INFO - Created: /Users/vmbr/Desktop/Teste Gui 5/[Tg5] Sala de Roteiro/[Tg5] ATAS
2025-03-08 14:25:49,121 - INFO - Created: /Users/vmbr/Desktop/Teste Gui 5/[Tg5] Sala de Roteiro/[Tg5] TEXTOS PD
2025-03-08 14:25:49,324 - INFO - Created: /Users/vmbr/Desktop/Teste Gui 5/[Tg5] Sala de Roteiro/[Tg5] ARCOS
2025-03-08 14:25:49,537 - INFO - Opened Finder at: /Users/vmbr/Desktop/Teste Gui 5
